<?xml version="1.0" encoding="UTF-8"?>
<testsuite xmlns:xsi="http://www.w3.org/2001/XMLSchema-instance" xsi:noNamespaceSchemaLocation="https://maven.apache.org/surefire/maven-surefire-plugin/xsd/surefire-test-report-3.0.xsd" version="3.0" name="com.raghav.junits.TestTrial" time="0.268" tests="7" errors="0" skipped="0" failures="1">
  <properties>
    <property name="java.specification.version" value="21"/>
    <property name="sun.cpu.isalist" value="amd64"/>
    <property name="sun.jnu.encoding" value="Cp1252"/>
    <property name="java.class.path" value="C:\Users\Raghav Garg\eclipse-workspace\myServlet\Junit-06\target\test-classes;C:\Users\Raghav Garg\eclipse-workspace\myServlet\Junit-06\target\classes;C:\Users\Raghav Garg\.m2\repository\junit\junit\4.13.2\junit-4.13.2.jar;C:\Users\Raghav Garg\.m2\repository\org\hamcrest\hamcrest-core\1.3\hamcrest-core-1.3.jar;C:\Users\Raghav Garg\.m2\repository\org\junit\jupiter\junit-jupiter-api\5.13.1\junit-jupiter-api-5.13.1.jar;C:\Users\Raghav Garg\.m2\repository\org\opentest4j\opentest4j\1.3.0\opentest4j-1.3.0.jar;C:\Users\Raghav Garg\.m2\repository\org\junit\platform\junit-platform-commons\1.13.1\junit-platform-commons-1.13.1.jar;C:\Users\Raghav Garg\.m2\repository\org\apiguardian\apiguardian-api\1.1.2\apiguardian-api-1.1.2.jar;"/>
    <property name="java.vm.vendor" value="Eclipse Adoptium"/>
    <property name="sun.arch.data.model" value="64"/>
    <property name="user.variant" value=""/>
    <property name="java.vendor.url" value="https://adoptium.net/"/>
    <property name="user.timezone" value="Asia/Calcutta"/>
    <property name="os.name" value="Windows 11"/>
    <property name="java.vm.specification.version" value="21"/>
    <property name="sun.java.launcher" value="SUN_STANDARD"/>
    <property name="user.country" value="IN"/>
    <property name="sun.boot.library.path" value="D:\Eclipse\eclipse\plugins\org.eclipse.justj.openjdk.hotspot.jre.full.win32.x86_64_21.0.4.v20240802-1551\jre\bin"/>
    <property name="sun.java.command" value="C:\Users\Raghav Garg\AppData\Local\Temp\surefire2233209501114424250\surefirebooter-20250914200613373_3.jar C:\Users\Raghav Garg\AppData\Local\Temp\surefire2233209501114424250 2025-09-14T20-06-12_690-jvmRun1 surefire-20250914200613373_1tmp surefire_0-20250914200613373_2tmp"/>
    <property name="jdk.debug" value="release"/>
    <property name="surefire.test.class.path" value="C:\Users\Raghav Garg\eclipse-workspace\myServlet\Junit-06\target\test-classes;C:\Users\Raghav Garg\eclipse-workspace\myServlet\Junit-06\target\classes;C:\Users\Raghav Garg\.m2\repository\junit\junit\4.13.2\junit-4.13.2.jar;C:\Users\Raghav Garg\.m2\repository\org\hamcrest\hamcrest-core\1.3\hamcrest-core-1.3.jar;C:\Users\Raghav Garg\.m2\repository\org\junit\jupiter\junit-jupiter-api\5.13.1\junit-jupiter-api-5.13.1.jar;C:\Users\Raghav Garg\.m2\repository\org\opentest4j\opentest4j\1.3.0\opentest4j-1.3.0.jar;C:\Users\Raghav Garg\.m2\repository\org\junit\platform\junit-platform-commons\1.13.1\junit-platform-commons-1.13.1.jar;C:\Users\Raghav Garg\.m2\repository\org\apiguardian\apiguardian-api\1.1.2\apiguardian-api-1.1.2.jar;"/>
    <property name="sun.cpu.endian" value="little"/>
    <property name="user.home" value="C:\Users\Raghav Garg"/>
    <property name="user.language" value="en"/>
    <property name="java.specification.vendor" value="Oracle Corporation"/>
    <property name="java.version.date" value="2024-07-16"/>
    <property name="java.home" value="D:\Eclipse\eclipse\plugins\org.eclipse.justj.openjdk.hotspot.jre.full.win32.x86_64_21.0.4.v20240802-1551\jre"/>
    <property name="file.separator" value="\"/>
    <property name="basedir" value="C:\Users\Raghav Garg\eclipse-workspace\myServlet\Junit-06"/>
    <property name="style.color" value="always"/>
    <property name="java.vm.compressedOopsMode" value="32-bit"/>
    <property name="line.separator" value="&#10;"/>
    <property name="java.vm.specification.vendor" value="Oracle Corporation"/>
    <property name="java.specification.name" value="Java Platform API Specification"/>
    <property name="surefire.real.class.path" value="C:\Users\Raghav Garg\AppData\Local\Temp\surefire2233209501114424250\surefirebooter-20250914200613373_3.jar"/>
    <property name="user.script" value=""/>
    <property name="sun.management.compiler" value="HotSpot 64-Bit Tiered Compilers"/>
    <property name="java.runtime.version" value="21.0.4+7-LTS"/>
    <property name="user.name" value="Raghav Garg"/>
    <property name="stdout.encoding" value="Cp1252"/>
    <property name="path.separator" value=";"/>
    <property name="os.version" value="10.0"/>
    <property name="java.runtime.name" value="OpenJDK Runtime Environment"/>
    <property name="file.encoding" value="UTF-8"/>
    <property name="java.vm.name" value="OpenJDK 64-Bit Server VM"/>
    <property name="java.vendor.version" value="Temurin-21.0.4+7"/>
    <property name="localRepository" value="C:\Users\Raghav Garg\.m2\repository"/>
    <property name="java.vendor.url.bug" value="https://github.com/adoptium/adoptium-support/issues"/>
    <property name="java.io.tmpdir" value="C:\Users\RAGHAV~1\AppData\Local\Temp\"/>
    <property name="java.version" value="21.0.4"/>
    <property name="user.dir" value="C:\Users\Raghav Garg\eclipse-workspace\myServlet\Junit-06"/>
    <property name="os.arch" value="amd64"/>
    <property name="java.vm.specification.name" value="Java Virtual Machine Specification"/>
    <property name="sun.os.patch.level" value=""/>
    <property name="native.encoding" value="Cp1252"/>
    <property name="java.library.path" value="D:\Eclipse\eclipse\plugins\org.eclipse.justj.openjdk.hotspot.jre.full.win32.x86_64_21.0.4.v20240802-1551\jre\bin;C:\WINDOWS\Sun\Java\bin;C:\WINDOWS\system32;C:\WINDOWS;D:/Eclipse/eclipse//plugins/org.eclipse.justj.openjdk.hotspot.jre.full.win32.x86_64_21.0.4.v20240802-1551/jre/bin/server;D:/Eclipse/eclipse//plugins/org.eclipse.justj.openjdk.hotspot.jre.full.win32.x86_64_21.0.4.v20240802-1551/jre/bin;C:\Users\Raghav Garg\AppData\Local\Programs\Python\Python312\Scripts\;C:\Users\Raghav Garg\AppData\Local\Programs\Python\Python312\;C:\WINDOWS\system32;C:\WINDOWS;C:\WINDOWS\System32\Wbem;C:\WINDOWS\System32\WindowsPowerShell\v1.0\;C:\WINDOWS\System32\OpenSSH\;C:\MinGW\bin;C:\Program Files\MATLAB\R2021a\bin;C:\Program Files\Git\cmd;C:\Program Files\Git\mingw64\bin;C:\Program Files\Git\usr\bin;C:\Program Files\Microsoft VS Code\bin;C:\Program Files\MongoDB\Server\5.0\bin;C:\Program Files\dotnet\;C:\Program Files\Cloudflare\Cloudflare WARP\;C:\Users\Raghav Garg\AppData\Roaming\nvm;C:\Program Files\nodejs;C:\ProgramData\chocolatey\bin;C:\Program Files\Tailscale\;C:\Program Files\PowerShell\7\;C:\Program Files\nodejs\;C:\Users\Raghav Garg\AppData\Local\Microsoft\WindowsApps;C:\Users\Raghav Garg\AppData\Local\Programs\Microsoft VS Code\bin;C:\Users\Raghav Garg\AppData\Local\GitHubDesktop\bin;C:\Users\Raghav Garg\AppData\Local\Programs\Hyper\resources\bin;C:\Program Files\heroku\bin;C:\Program Files\JetBrains\PyCharm Community Edition 2023.3.5\bin;;C:\Users\Raghav Garg\AppData\Roaming\nvm;C:\Program Files\nodejs;C:\Program Files\MongoDB\Tools\100\bin;C:\Users\Raghav Garg\AppData\Roaming\npm;;D:\Eclipse\eclipse;;."/>
    <property name="java.vm.info" value="mixed mode"/>
    <property name="stderr.encoding" value="Cp1252"/>
    <property name="java.vendor" value="Eclipse Adoptium"/>
    <property name="java.vm.version" value="21.0.4+7-LTS"/>
    <property name="sun.io.unicode.encoding" value="UnicodeLittle"/>
    <property name="java.class.version" value="65.0"/>
  </properties>
  <testcase name="testPerformance" classname="com.raghav.junits.TestTrial" time="0.1">
    <failure message="execution exceeded timeout of 1 ms by 1 ms" type="org.opentest4j.AssertionFailedError"><![CDATA[org.opentest4j.AssertionFailedError: execution exceeded timeout of 1 ms by 1 ms
	at org.junit.jupiter.api.AssertionFailureBuilder.build(AssertionFailureBuilder.java:152)
	at org.junit.jupiter.api.AssertionFailureBuilder.buildAndThrow(AssertionFailureBuilder.java:132)
	at org.junit.jupiter.api.AssertTimeout.assertTimeout(AssertTimeout.java:81)
	at org.junit.jupiter.api.AssertTimeout.assertTimeout(AssertTimeout.java:53)
	at org.junit.jupiter.api.Assertions.assertTimeout(Assertions.java:3391)
	at com.raghav.junits.TestTrial.testPerformance(TestTrial.java:101)
	at java.base/java.lang.reflect.Method.invoke(Method.java:580)
	at java.base/java.util.ArrayList.forEach(ArrayList.java:1596)
	at java.base/java.util.ArrayList.forEach(ArrayList.java:1596)
]]></failure>
    <system-out><![CDATA[Constructor called
Before ALll
Before test
Test case completed
]]></system-out>
  </testcase>
  <testcase name="testFalse" classname="com.raghav.junits.TestTrial" time="0.007">
    <system-out><![CDATA[Before test
No one is good
Test case completed
]]></system-out>
  </testcase>
  <testcase name="testComputeSquareArea" classname="com.raghav.junits.TestTrial" time="0.008">
    <system-out><![CDATA[Before test
Test case completed
]]></system-out>
  </testcase>
  <testcase name="testComputeCircleArea" classname="com.raghav.junits.TestTrial" time="0.009">
    <system-out><![CDATA[Before test
Test case completed
]]></system-out>
  </testcase>
  <testcase name="test" classname="com.raghav.junits.TestTrial" time="0.003">
    <system-out><![CDATA[Before test
Test case completed
]]></system-out>
  </testcase>
  <testcase name="testArrays" classname="com.raghav.junits.TestTrial" time="0.013">
    <system-out><![CDATA[Before test
Test case completed
]]></system-out>
  </testcase>
  <testcase name="testSorting_Excpetion" classname="com.raghav.junits.TestTrial" time="0.011">
    <system-out><![CDATA[Before test
java.lang.NullPointerException: Cannot read the array length because "a" is null
Test case completed
]]></system-out>
  </testcase>
</testsuite>